Device_id_Leakage/DeviceId_OrderedIntent1/app/build/intermediates/manifest_merge_blame_file/debug/manifest-merger-blame-debug-report.txt
1<?xml version="1.0" encoding="utf-8"?>
2<manifest xmlns:android="http://schemas.android.com/apk/res/android"
3    package="com.example.deviceid_orderedintent"
4    android:versionCode="1"
5    android:versionName="1.0" >
6
7    <uses-sdk
7-->src\main\AndroidManifest.xml:7:5-47
8        android:minSdkVersion="14"
8-->src\main\AndroidManifest.xml:7:5-47
9        android:targetSdkVersion="19" />
9-->src\main\AndroidManifest.xml:7:15-44
10
11    <uses-permission android:name="android.permission.READ_PHONE_STATE" />
11-->src\main\AndroidManifest.xml:9:5-75
11-->src\main\AndroidManifest.xml:9:22-72
12
13    <application
13-->src\main\AndroidManifest.xml:11:5-36:19
14        android:allowBackup="true"
14-->src\main\AndroidManifest.xml:12:9-35
15        android:debuggable="true"
16        android:icon="@drawable/ic_launcher"
16-->src\main\AndroidManifest.xml:13:9-45
17        android:label="@string/app_name"
17-->src\main\AndroidManifest.xml:14:9-41
18        android:theme="@android:style/Theme" >
18-->src\main\AndroidManifest.xml:15:9-45
19        <activity
19-->src\main\AndroidManifest.xml:16:9-24:20
20            android:name="com.example.deviceid_orderedintent.MainActivity"
20-->src\main\AndroidManifest.xml:17:13-41
21            android:label="@string/app_name" >
21-->src\main\AndroidManifest.xml:18:13-45
22            <intent-filter>
22-->src\main\AndroidManifest.xml:19:13-23:29
23                <action android:name="android.intent.action.MAIN" />
23-->src\main\AndroidManifest.xml:20:17-69
23-->src\main\AndroidManifest.xml:20:25-66
24
25                <category android:name="android.intent.category.LAUNCHER" />
25-->src\main\AndroidManifest.xml:22:17-77
25-->src\main\AndroidManifest.xml:22:27-74
26            </intent-filter>
27        </activity>
28
29        <receiver android:name="com.example.deviceid_orderedintent.Receiver2" >
29-->src\main\AndroidManifest.xml:25:9-29:16
29-->src\main\AndroidManifest.xml:25:19-43
30            <intent-filter android:priority="2" >
30-->src\main\AndroidManifest.xml:26:5-28:22
30-->src\main\AndroidManifest.xml:26:20-40
31                <action android:name="com.example.deviceid_orderedintent" />
31-->src\main\AndroidManifest.xml:27:7-67
31-->src\main\AndroidManifest.xml:27:15-64
32            </intent-filter>
33        </receiver>
34        <receiver android:name="com.example.deviceid_orderedintent.Receiver3" >
34-->src\main\AndroidManifest.xml:30:4-34:16
34-->src\main\AndroidManifest.xml:30:14-38
35            <intent-filter android:priority="3" >
35-->src\main\AndroidManifest.xml:26:5-28:22
35-->src\main\AndroidManifest.xml:26:20-40
36                <action android:name="com.example.deviceid_orderedintent" />
36-->src\main\AndroidManifest.xml:27:7-67
36-->src\main\AndroidManifest.xml:27:15-64
37            </intent-filter>
38        </receiver>
39    </application>
40
41</manifest>